{"message":"Failed to start sequencer - No MIDI inputs available","level":"error"}
{"message":"logger is not defined","level":"error"}
{"message":"logger is not defined","level":"error"}
{"message":"logger is not defined","level":"error"}
{"message":"logger is not defined","level":"error"}
{"message":"logger is not defined","level":"error"}
{"message":"logger is not defined","level":"error"}
{"message":"logger is not defined","level":"error"}
{"message":"logger is not defined","level":"error"}
{"message":"logger is not defined","level":"error"}
{"message":"logger is not defined","level":"error"}
{"message":"logger is not defined","level":"error"}
{"message":"logger is not defined","level":"error"}
{"message":"logger is not defined","level":"error"}
{"message":"logger is not defined","level":"error"}
{"message":"render is not defined","level":"error"}
{ message: 'Failed to start sequencer - No MIDI inputs available',
  level: 'error',
  timestamp: '2018-06-23T19:23:06.240Z',
  [Symbol(level)]: 'error' }
{ message: 's is not defined',
  level: 'error',
  timestamp: '2018-06-24T16:28:50.129Z',
  [Symbol(level)]: 'error' }
{ message: 'renderView is not defined',
  level: 'error',
  timestamp: '2018-06-24T16:59:37.931Z',
  [Symbol(level)]: 'error' }
{ message: 'Failed to start sequencer - No MIDI inputs available',
  level: 'error',
  timestamp: '2018-06-24T18:33:55.638Z',
  [Symbol(level)]: 'error' }
{ message: 's is not defined',
  level: 'error',
  timestamp: '2018-06-24T18:51:24.696Z',
  [Symbol(level)]: 'error' }
{ message: 's is not defined',
  level: 'error',
  timestamp: '2018-06-24T18:57:03.442Z',
  [Symbol(level)]: 'error' }
{ message: 's is not defined',
  level: 'error',
  timestamp: '2018-06-24T18:57:11.201Z',
  [Symbol(level)]: 'error' }
{ message: 's is not defined',
  level: 'error',
  timestamp: '2018-06-24T18:57:46.147Z',
  [Symbol(level)]: 'error' }
{ message: 's is not defined',
  level: 'error',
  timestamp: '2018-06-24T18:57:53.344Z',
  [Symbol(level)]: 'error' }
{ message: 's is not defined',
  level: 'error',
  timestamp: '2018-06-24T18:57:53.966Z',
  [Symbol(level)]: 'error' }
{ message: 's is not defined',
  level: 'error',
  timestamp: '2018-06-24T18:59:30.710Z',
  [Symbol(level)]: 'error' }
{ message: 's is not defined',
  level: 'error',
  timestamp: '2018-06-24T18:59:43.570Z',
  [Symbol(level)]: 'error' }
{ message: 's is not defined',
  level: 'error',
  timestamp: '2018-06-24T18:59:44.023Z',
  [Symbol(level)]: 'error' }
{ message: 's is not defined',
  level: 'error',
  timestamp: '2018-06-24T19:01:24.744Z',
  [Symbol(level)]: 'error' }
{ message: 's is not defined',
  level: 'error',
  timestamp: '2018-06-24T19:01:26.398Z',
  [Symbol(level)]: 'error' }
{ message: 's is not defined',
  level: 'error',
  timestamp: '2018-06-24T19:02:14.630Z',
  [Symbol(level)]: 'error' }
{ message: 's is not defined',
  level: 'error',
  timestamp: '2018-06-24T19:02:15.816Z',
  [Symbol(level)]: 'error' }
{ message: 's is not defined',
  level: 'error',
  timestamp: '2018-06-24T19:02:17.548Z',
  [Symbol(level)]: 'error' }
{ message: 's is not defined',
  level: 'error',
  timestamp: '2018-06-24T19:02:56.035Z',
  [Symbol(level)]: 'error' }
{ message: 'Cannot read property \'menuItems\' of undefined',
  level: 'error',
  timestamp: '2018-06-24T19:06:51.302Z',
  [Symbol(level)]: 'error' }
{ message: 'Cannot read property \'reduce\' of undefined',
  level: 'error',
  timestamp: '2018-06-24T19:07:53.135Z',
  [Symbol(level)]: 'error' }
{ message: 'Cannot read property \'reduce\' of undefined',
  level: 'error',
  timestamp: '2018-06-24T19:07:58.378Z',
  [Symbol(level)]: 'error' }
{ message: 'logger is not defined',
  level: 'error',
  timestamp: '2018-06-24T19:10:52.001Z',
  [Symbol(level)]: 'error' }
{ message: 'chooseInputChannel is not defined',
  level: 'error',
  timestamp: '2018-06-24T21:01:37.797Z',
  [Symbol(level)]: 'error' }
{ message: 'Failed to start sequencer - No MIDI inputs available',
  level: 'error',
  timestamp: '2018-06-24T22:41:45.223Z',
  [Symbol(level)]: 'error' }
{ message: 'state is not defined',
  level: 'error',
  timestamp: '2018-06-25T01:33:12.763Z',
  [Symbol(level)]: 'error' }
{ message: 'Cannot read property \'out\' of undefined',
  level: 'error',
  timestamp: '2018-06-25T02:29:19.000Z',
  [Symbol(level)]: 'error' }
{ message: 'Cannot read property \'out\' of undefined',
  level: 'error',
  timestamp: '2018-06-25T02:31:55.439Z',
  [Symbol(level)]: 'error' }
{ message: 'logger is not defined',
  level: 'error',
  timestamp: '2018-06-25T02:34:05.689Z',
  [Symbol(level)]: 'error' }
{ message: 'Cannot read property \'out\' of undefined',
  level: 'error',
  timestamp: '2018-06-25T02:34:38.552Z',
  [Symbol(level)]: 'error' }
{ message: 'Cannot read property \'out\' of undefined',
  level: 'error',
  timestamp: '2018-06-25T02:36:29.471Z',
  [Symbol(level)]: 'error' }
{ message: 'Cannot read property \'out\' of undefined',
  level: 'error',
  timestamp: '2018-06-25T02:37:09.602Z',
  [Symbol(level)]: 'error' }
{ message: 'Cannot read property \'out\' of undefined',
  level: 'error',
  timestamp: '2018-06-25T02:38:07.641Z',
  [Symbol(level)]: 'error' }
